<?xml version="1.0" encoding="UTF-8" ?>
<testsuite errors="1" failures="0" hostname="isudo-PC" name="com.allendowney.thinkdast.ListClientExampleTest" skipped="0" tests="1" time="0.0" timestamp="2018-08-14T13:16:22">
  <properties>
    <property name="java.vendor" value="Oracle Corporation" />
    <property name="env.SESSION_MANAGER" value="local/isudo-PC:@/tmp/.ICE-unix/1541,unix/isudo-PC:/tmp/.ICE-unix/1541" />
    <property name="env.LESSOPEN" value="| /usr/bin/lesspipe %s" />
    <property name="sun.java.launcher" value="SUN_STANDARD" />
    <property name="env.QT_IM_MODULE" value="fcitx" />
    <property name="sun.management.compiler" value="HotSpot 64-Bit Tiered Compilers" />
    <property name="env.COLORFGBG" value="15;0" />
    <property name="os.name" value="Linux" />
    <property name="sun.boot.class.path" value="/usr/lib/jvm/java-8-oracle/jre/lib/resources.jar:/usr/lib/jvm/java-8-oracle/jre/lib/rt.jar:/usr/lib/jvm/java-8-oracle/jre/lib/sunrsasign.jar:/usr/lib/jvm/java-8-oracle/jre/lib/jsse.jar:/usr/lib/jvm/java-8-oracle/jre/lib/jce.jar:/usr/lib/jvm/java-8-oracle/jre/lib/charsets.jar:/usr/lib/jvm/java-8-oracle/jre/lib/jfr.jar:/usr/lib/jvm/java-8-oracle/jre/classes" />
    <property name="env.PWD" value="/media/isudo/DATA-SSD/Workspace/Exercise/ThinkDataStructures/code" />
    <property name="env.LANG" value="zh_TW.UTF-8" />
    <property name="java.vm.specification.vendor" value="Oracle Corporation" />
    <property name="ant.home" value="/usr/share/ant" />
    <property name="java.runtime.version" value="1.8.0_181-b13" />
    <property name="env.GTK_IM_MODULE" value="fcitx" />
    <property name="env.QT_LINUX_ACCESSIBILITY_ALWAYS_ON" value="1" />
    <property name="env.DEFAULTS_PATH" value="/usr/share/gconf//usr/share/xsessions/plasma.default.path" />
    <property name="env.XDG_SESSION_CLASS" value="user" />
    <property name="env.XDG_VTNR" value="7" />
    <property name="env.DISPLAY" value=":0" />
    <property name="user.name" value="isudo" />
    <property name="env.QT4_IM_MODULE" value="fcitx" />
    <property name="env._" value="/usr/bin/ant" />
    <property name="env.KONSOLE_DBUS_WINDOW" value="/Windows/1" />
    <property name="env.USER" value="isudo" />
    <property name="env.SHELL" value="/bin/bash" />
    <property name="env.DESKTOP_SESSION" value="/usr/share/xsessions/plasma" />
    <property name="env.XDG_DATA_DIRS" value="/usr/share//usr/share/xsessions/plasma:/usr/local/share:/usr/share:/var/lib/snapd/desktop" />
    <property name="env.PATH" value="/home/isudo/bin:/home/isudo/.local/bin:/usr/local/sbin:/usr/local/bin:/usr/sbin:/usr/bin:/sbin:/bin:/usr/games:/usr/local/games:/snap/bin:/usr/lib/jvm/java-8-oracle/bin:/usr/lib/jvm/java-8-oracle/db/bin:/usr/lib/jvm/java-8-oracle/jre/bin" />
    <property name="env.XDG_CURRENT_DESKTOP" value="KDE" />
    <property name="user.language" value="zh" />
    <property name="env.GS_LIB" value="/home/isudo/.fonts" />
    <property name="env.XDG_SESSION_DESKTOP" value="KDE" />
    <property name="sun.boot.library.path" value="/usr/lib/jvm/java-8-oracle/jre/lib/amd64" />
    <property name="ant.project.default-target" value="build" />
    <property name="ant.project.name" value="ThinkDaSt" />
    <property name="env.KDE_SESSION_UID" value="1000" />
    <property name="java.version" value="1.8.0_181" />
    <property name="env.KDE_FULL_SESSION" value="true" />
    <property name="user.timezone" value="" />
    <property name="env.DBUS_SESSION_BUS_ADDRESS" value="unix:abstract=/tmp/dbus-B98msJ1Cv2,guid=34a44ad2c74485fc3582410d5b711ceb" />
    <property name="sun.arch.data.model" value="64" />
    <property name="ant.file.type.ThinkDaSt" value="file" />
    <property name="env.SSH_AGENT_PID" value="1436" />
    <property name="java.endorsed.dirs" value="/usr/lib/jvm/java-8-oracle/jre/lib/endorsed" />
    <property name="env.KICAD_PATH" value="/usr/share/kicad" />
    <property name="env.DERBY_HOME" value="/usr/lib/jvm/java-8-oracle/db" />
    <property name="sun.cpu.isalist" value="" />
    <property name="sun.jnu.encoding" value="UTF-8" />
    <property name="file.encoding.pkg" value="sun.io" />
    <property name="env.SHLVL" value="1" />
    <property name="file.separator" value="/" />
    <property name="java.specification.name" value="Java Platform API Specification" />
    <property name="env.XCURSOR_THEME" value="breeze_cursors" />
    <property name="java.class.version" value="52.0" />
    <property name="env.KDE_SESSION_VERSION" value="5" />
    <property name="user.country" value="TW" />
    <property name="java.home" value="/usr/lib/jvm/java-8-oracle/jre" />
    <property name="java.vm.info" value="mixed mode" />
    <property name="env.LOGNAME" value="isudo" />
    <property name="ant.file" value="/media/isudo/DATA-SSD/Workspace/Exercise/ThinkDataStructures/code/build.xml" />
    <property name="os.version" value="4.15.0-30-generic" />
    <property name="env.J2REDIR" value="/usr/lib/jvm/java-8-oracle/jre" />
    <property name="path.separator" value=":" />
    <property name="java.vm.version" value="25.181-b13" />
    <property name="env.LANGUAGE" value="zh_TW:zh" />
    <property name="ant.library.dir" value="/usr/share/ant/lib" />
    <property name="env.XDG_SESSION_PATH" value="/org/freedesktop/DisplayManager/Session0" />
    <property name="junit.output.dir" value="junit" />
    <property name="env.XDG_SESSION_TYPE" value="x11" />
    <property name="env.JAVA_HOME" value="/usr/lib/jvm/java-8-oracle" />
    <property name="env.TERM" value="xterm-256color" />
    <property name="java.awt.printerjob" value="sun.print.PSPrinterJob" />
    <property name="sun.io.unicode.encoding" value="UnicodeLittle" />
    <property name="awt.toolkit" value="sun.awt.X11.XToolkit" />
    <property name="env.XMODIFIERS" value="@im=fcitx" />
    <property name="user.home" value="/home/isudo" />
    <property name="target" value="1.8" />
    <property name="java.specification.vendor" value="Oracle Corporation" />
    <property name="env.WINDOWID" value="79691783" />
    <property name="java.library.path" value="/usr/java/packages/lib/amd64:/usr/lib64:/lib64:/lib:/usr/lib" />
    <property name="java.vendor.url" value="http://java.oracle.com/" />
    <property name="java.vm.vendor" value="Oracle Corporation" />
    <property name="env.XDG_SEAT" value="seat0" />
    <property name="java.runtime.name" value="Java(TM) SE Runtime Environment" />
    <property name="java.class.path" value="/usr/lib/jvm/java-8-oracle/jre/lib:/media/isudo/DATA-SSD/Workspace/Exercise/ThinkDataStructures/code/lib/jedis-2.8.0.jar:/media/isudo/DATA-SSD/Workspace/Exercise/ThinkDataStructures/code/lib/jsoup-1.8.3.jar:/media/isudo/DATA-SSD/Workspace/Exercise/ThinkDataStructures/code/lib/junit-4.12.jar:/media/isudo/DATA-SSD/Workspace/Exercise/ThinkDataStructures/code/lib/hamcrest-core-1.3.jar:/media/isudo/DATA-SSD/Workspace/Exercise/ThinkDataStructures/code/lib/jcommon-1.0.23.jar:/media/isudo/DATA-SSD/Workspace/Exercise/ThinkDataStructures/code/lib/jfreechart-1.0.19.jar:/media/isudo/DATA-SSD/Workspace/Exercise/ThinkDataStructures/code/lib/servlet.jar:/media/isudo/DATA-SSD/Workspace/Exercise/ThinkDataStructures/code/lib/ant-junit.jar:/media/isudo/DATA-SSD/Workspace/Exercise/ThinkDataStructures/code/lib/commons-math3-3.6.jar:/media/isudo/DATA-SSD/Workspace/Exercise/ThinkDataStructures/code/lib/hamcrest-library-1.3.jar:/usr/share/java/ant-launcher-1.9.6.jar:/usr/share/ant/lib/ant.jar:/usr/share/ant/lib/ant-junit.jar:/usr/share/ant/lib/ant-junit4.jar" />
    <property name="ant.version" value="Apache Ant(TM) version 1.9.6 compiled on July 20 2018" />
    <property name="sun.java.command" value="org.apache.tools.ant.taskdefs.optional.junit.JUnitTestRunner com.allendowney.thinkdast.ListClientExampleTest skipNonTests=false filtertrace=true haltOnError=false haltOnFailure=false formatter=org.apache.tools.ant.taskdefs.optional.junit.OutErrSummaryJUnitResultFormatter showoutput=false outputtoformatters=true logfailedtests=true threadid=0 logtestlistenerevents=false formatter=org.apache.tools.ant.taskdefs.optional.junit.XMLJUnitResultFormatter,/media/isudo/DATA-SSD/Workspace/Exercise/ThinkDataStructures/code/junit/TEST-com.allendowney.thinkdast.ListClientExampleTest.xml crashfile=/media/isudo/DATA-SSD/Workspace/Exercise/ThinkDataStructures/code/junitvmwatcher3457668604769229676.properties propsfile=/media/isudo/DATA-SSD/Workspace/Exercise/ThinkDataStructures/code/junit8918549765885003132.properties" />
    <property name="env.KIGITHUB" value="https://github.com/KiCad" />
    <property name="env.XDG_SESSION_ID" value="1" />
    <property name="env.KONSOLE_DBUS_SESSION" value="/Sessions/1" />
    <property name="env.QT_ACCESSIBILITY" value="1" />
    <property name="java.vm.specification.name" value="Java Virtual Machine Specification" />
    <property name="ant.file.type" value="file" />
    <property name="java.vm.specification.version" value="1.8" />
    <property name="sun.os.patch.level" value="unknown" />
    <property name="sun.cpu.endian" value="little" />
    <property name="debuglevel" value="source,lines,vars" />
    <property name="env.HOME" value="/home/isudo" />
    <property name="env.LS_COLORS" value="rs=0:di=01;34:ln=01;36:mh=00:pi=40;33:so=01;35:do=01;35:bd=40;33;01:cd=40;33;01:or=40;31;01:mi=00:su=37;41:sg=30;43:ca=30;41:tw=30;42:ow=34;42:st=37;44:ex=01;32:*.tar=01;31:*.tgz=01;31:*.arc=01;31:*.arj=01;31:*.taz=01;31:*.lha=01;31:*.lz4=01;31:*.lzh=01;31:*.lzma=01;31:*.tlz=01;31:*.txz=01;31:*.tzo=01;31:*.t7z=01;31:*.zip=01;31:*.z=01;31:*.Z=01;31:*.dz=01;31:*.gz=01;31:*.lrz=01;31:*.lz=01;31:*.lzo=01;31:*.xz=01;31:*.bz2=01;31:*.bz=01;31:*.tbz=01;31:*.tbz2=01;31:*.tz=01;31:*.deb=01;31:*.rpm=01;31:*.jar=01;31:*.war=01;31:*.ear=01;31:*.sar=01;31:*.rar=01;31:*.alz=01;31:*.ace=01;31:*.zoo=01;31:*.cpio=01;31:*.7z=01;31:*.rz=01;31:*.cab=01;31:*.jpg=01;35:*.jpeg=01;35:*.gif=01;35:*.bmp=01;35:*.pbm=01;35:*.pgm=01;35:*.ppm=01;35:*.tga=01;35:*.xbm=01;35:*.xpm=01;35:*.tif=01;35:*.tiff=01;35:*.png=01;35:*.svg=01;35:*.svgz=01;35:*.mng=01;35:*.pcx=01;35:*.mov=01;35:*.mpg=01;35:*.mpeg=01;35:*.m2v=01;35:*.mkv=01;35:*.webm=01;35:*.ogm=01;35:*.mp4=01;35:*.m4v=01;35:*.mp4v=01;35:*.vob=01;35:*.qt=01;35:*.nuv=01;35:*.wmv=01;35:*.asf=01;35:*.rm=01;35:*.rmvb=01;35:*.flc=01;35:*.avi=01;35:*.fli=01;35:*.flv=01;35:*.gl=01;35:*.dl=01;35:*.xcf=01;35:*.xwd=01;35:*.yuv=01;35:*.cgm=01;35:*.emf=01;35:*.ogv=01;35:*.ogx=01;35:*.aac=00;36:*.au=00;36:*.flac=00;36:*.m4a=00;36:*.mid=00;36:*.midi=00;36:*.mka=00;36:*.mp3=00;36:*.mpc=00;36:*.ogg=00;36:*.ra=00;36:*.wav=00;36:*.oga=00;36:*.opus=00;36:*.spx=00;36:*.xspf=00;36:" />
    <property name="env.XDG_SEAT_PATH" value="/org/freedesktop/DisplayManager/Seat0" />
    <property name="java.io.tmpdir" value="/tmp" />
    <property name="java.vendor.url.bug" value="http://bugreport.sun.com/bugreport/" />
    <property name="env.SSH_AUTH_SOCK" value="/tmp/ssh-jG3PZ9WaSeNw/agent.1363" />
    <property name="env.CLUTTER_IM_MODULE" value="xim" />
    <property name="java.awt.graphicsenv" value="sun.awt.X11GraphicsEnvironment" />
    <property name="os.arch" value="amd64" />
    <property name="env.XDG_RUNTIME_DIR" value="/run/user/1000" />
    <property name="java.ext.dirs" value="/usr/lib/jvm/java-8-oracle/jre/lib/ext:/usr/java/packages/lib/ext" />
    <property name="env.KONSOLE_PROFILE_NAME" value="" />
    <property name="user.dir" value="/media/isudo/DATA-SSD/Workspace/Exercise/ThinkDataStructures/code" />
    <property name="env.XAUTHORITY" value="/home/isudo/.Xauthority" />
    <property name="env.MANDATORY_PATH" value="/usr/share/gconf//usr/share/xsessions/plasma.mandatory.path" />
    <property name="env.J2SDKDIR" value="/usr/lib/jvm/java-8-oracle" />
    <property name="line.separator" value="&#xa;" />
    <property name="java.vm.name" value="Java HotSpot(TM) 64-Bit Server VM" />
    <property name="env.COLORTERM" value="truecolor" />
    <property name="basedir" value="/media/isudo/DATA-SSD/Workspace/Exercise/ThinkDataStructures/code" />
    <property name="ant.java.version" value="1.8" />
    <property name="ant.core.lib" value="/usr/share/ant/lib/ant.jar" />
    <property name="env.QT_AUTO_SCREEN_SCALE_FACTOR" value="0" />
    <property name="source" value="1.8" />
    <property name="file.encoding" value="UTF-8" />
    <property name="env.SHELL_SESSION_ID" value="1c1cfdd3163c4ea5853559ef05779d38" />
    <property name="env.KONSOLE_DBUS_SERVICE" value=":1.423" />
    <property name="java.specification.version" value="1.8" />
    <property name="ant.project.invoked-targets" value="ListClientExampleTest" />
    <property name="env.XDG_CONFIG_DIRS" value="/etc/xdg/xdg-/usr/share/xsessions/plasma:/etc/xdg" />
    <property name="env.PROFILEHOME" value="/media/isudo/DATA-SSD/Workspace/Exercise/ThinkDataStructures/code" />
    <property name="env.LESSCLOSE" value="/usr/bin/lesspipe %s %s" />
    <property name="ant.file.ThinkDaSt" value="/media/isudo/DATA-SSD/Workspace/Exercise/ThinkDataStructures/code/build.xml" />
  </properties>
  <error message="com.allendowney.thinkdast.ListClientExampleTest" type="java.lang.ClassNotFoundException">java.lang.ClassNotFoundException: com.allendowney.thinkdast.ListClientExampleTest
	at java.net.URLClassLoader.findClass(URLClassLoader.java:381)
	at java.lang.ClassLoader.loadClass(ClassLoader.java:424)
	at sun.misc.Launcher$AppClassLoader.loadClass(Launcher.java:349)
	at java.lang.ClassLoader.loadClass(ClassLoader.java:357)
	at java.lang.Class.forName0(Native Method)
	at java.lang.Class.forName(Class.java:264)
</error>
  <system-out><![CDATA[]]></system-out>
  <system-err><![CDATA[]]></system-err>
</testsuite>
